
> urbankick@0.1.0 build /home/ubuntu/urbankick
> next build

Attention: Next.js now collects completely anonymous telemetry regarding usage.
This information is used to shape Next.js' roadmap and prioritize features.
You can learn more, including how to opt-out if you'd not like to participate in this anonymous program, by visiting the following URL:
https://nextjs.org/telemetry

▲ Next.js 16.1.1 (Turbopack)
- Environments: .env.local

  Creating an optimized production build ...
✓ Compiled successfully in 3.2s
  Running TypeScript ...
  Collecting page data using 5 workers ...
  Generating static pages using 5 workers (0/6) ...
⨯ useSearchParams() should be wrapped in a suspense boundary at page "/catalogo". Read more: https://nextjs.org/docs/messages/missing-suspense-with-csr-bailout
    at Q (/home/ubuntu/urbankick/.next/server/chunks/ssr/1629d_next_0f1f6393._.js:2:2111)
    at o (/home/ubuntu/urbankick/.next/server/chunks/ssr/1629d_next_0f1f6393._.js:4:5282)
    at i (/home/ubuntu/urbankick/.next/server/chunks/ssr/_d1cd3b7c._.js:1:22591)
    at an (/home/ubuntu/urbankick/node_modules/.pnpm/next@16.1.1_@babel+core@7.28.5_react-dom@19.2.3_react@19.2.3__react@19.2.3/node_modules/next/dist/compiled/next-server/app-page-turbo.runtime.prod.js:2:84360)
    at ai (/home/ubuntu/urbankick/node_modules/.pnpm/next@16.1.1_@babel+core@7.28.5_react-dom@19.2.3_react@19.2.3__react@19.2.3/node_modules/next/dist/compiled/next-server/app-page-turbo.runtime.prod.js:2:86179)
    at al (/home/ubuntu/urbankick/node_modules/.pnpm/next@16.1.1_@babel+core@7.28.5_react-dom@19.2.3_react@19.2.3__react@19.2.3/node_modules/next/dist/compiled/next-server/app-page-turbo.runtime.prod.js:2:107953)
    at as (/home/ubuntu/urbankick/node_modules/.pnpm/next@16.1.1_@babel+core@7.28.5_react-dom@19.2.3_react@19.2.3__react@19.2.3/node_modules/next/dist/compiled/next-server/app-page-turbo.runtime.prod.js:2:105368)
    at aa (/home/ubuntu/urbankick/node_modules/.pnpm/next@16.1.1_@babel+core@7.28.5_react-dom@19.2.3_react@19.2.3__react@19.2.3/node_modules/next/dist/compiled/next-server/app-page-turbo.runtime.prod.js:2:84712)
    at ai (/home/ubuntu/urbankick/node_modules/.pnpm/next@16.1.1_@babel+core@7.28.5_react-dom@19.2.3_react@19.2.3__react@19.2.3/node_modules/next/dist/compiled/next-server/app-page-turbo.runtime.prod.js:2:86228)
    at ai (/home/ubuntu/urbankick/node_modules/.pnpm/next@16.1.1_@babel+core@7.28.5_react-dom@19.2.3_react@19.2.3__react@19.2.3/node_modules/next/dist/compiled/next-server/app-page-turbo.runtime.prod.js:2:104708)
Error occurred prerendering page "/catalogo". Read more: https://nextjs.org/docs/messages/prerender-error
Export encountered an error on /catalogo/page: /catalogo, exiting the build.
⨯ Next.js build worker exited with code: 1 and signal: null
 ELIFECYCLE  Command failed with exit code 1.
